<?xml version="1.0" encoding="UTF-8"?>
<testsuite name="test.ChromeBrowserTest" tests="1" skipped="0" failures="0" errors="0" timestamp="2020-05-27T13:58:28" hostname="LAPTOP-5SMQJSUC" time="35.05">
  <properties/>
  <testcase name="test()" classname="test.ChromeBrowserTest" time="35.05"/>
  <system-out><![CDATA[]]></system-out>
  <system-err><![CDATA[Starting ChromeDriver 81.0.4044.138 (8c6c7ba89cc9453625af54f11fd83179e23450fa-refs/branch-heads/4044@{#999}) on port 7640
Only local connections are allowed.
Please protect ports used by ChromeDriver and related test frameworks to prevent access by malicious code.
May 27, 2020 8:58:32 PM org.openqa.selenium.remote.ProtocolHandshake createSession
INFO: Detected dialect: W3C
[1590587913.071][SEVERE]: Timed out receiving message from renderer: 0.100
[1590587913.172][SEVERE]: Timed out receiving message from renderer: 0.100
[1590587913.273][SEVERE]: Timed out receiving message from renderer: 0.100
[1590587913.377][SEVERE]: Timed out receiving message from renderer: 0.100
[1590587913.478][SEVERE]: Timed out receiving message from renderer: 0.100
[1590587913.579][SEVERE]: Timed out receiving message from renderer: 0.100
[1590587913.681][SEVERE]: Timed out receiving message from renderer: 0.100
[1590587913.782][SEVERE]: Timed out receiving message from renderer: 0.100
[1590587913.883][SEVERE]: Timed out receiving message from renderer: 0.100
[1590587913.985][SEVERE]: Timed out receiving message from renderer: 0.100
[1590587914.086][SEVERE]: Timed out receiving message from renderer: 0.100
[1590587914.187][SEVERE]: Timed out receiving message from renderer: 0.100
[1590587914.290][SEVERE]: Timed out receiving message from renderer: 0.100
[1590587914.393][SEVERE]: Timed out receiving message from renderer: 0.100
[1590587914.495][SEVERE]: Timed out receiving message from renderer: 0.100
[1590587914.597][SEVERE]: Timed out receiving message from renderer: 0.100
[1590587914.698][SEVERE]: Timed out receiving message from renderer: 0.100
[1590587914.799][SEVERE]: Timed out receiving message from renderer: 0.100
[1590587914.901][SEVERE]: Timed out receiving message from renderer: 0.100
[1590587915.002][SEVERE]: Timed out receiving message from renderer: 0.100
[1590587915.103][SEVERE]: Timed out receiving message from renderer: 0.100
[1590587915.205][SEVERE]: Timed out receiving message from renderer: 0.100
[1590587915.307][SEVERE]: Timed out receiving message from renderer: 0.100
[1590587915.409][SEVERE]: Timed out receiving message from renderer: 0.100
[1590587915.511][SEVERE]: Timed out receiving message from renderer: 0.100
[1590587915.613][SEVERE]: Timed out receiving message from renderer: 0.100
[1590587915.714][SEVERE]: Timed out receiving message from renderer: 0.100
[1590587915.816][SEVERE]: Timed out receiving message from renderer: 0.100
[1590587915.920][SEVERE]: Timed out receiving message from renderer: 0.100
[1590587916.021][SEVERE]: Timed out receiving message from renderer: 0.100
[1590587916.124][SEVERE]: Timed out receiving message from renderer: 0.100
[1590587916.226][SEVERE]: Timed out receiving message from renderer: 0.100
[1590587916.327][SEVERE]: Timed out receiving message from renderer: 0.100
[1590587916.429][SEVERE]: Timed out receiving message from renderer: 0.100
[1590587916.530][SEVERE]: Timed out receiving message from renderer: 0.100
[1590587916.632][SEVERE]: Timed out receiving message from renderer: 0.100
[1590587916.736][SEVERE]: Timed out receiving message from renderer: 0.100
[1590587916.837][SEVERE]: Timed out receiving message from renderer: 0.100
[1590587916.940][SEVERE]: Timed out receiving message from renderer: 0.100
[1590587917.041][SEVERE]: Timed out receiving message from renderer: 0.100
[1590587917.143][SEVERE]: Timed out receiving message from renderer: 0.100
[1590587917.244][SEVERE]: Timed out receiving message from renderer: 0.100
[1590587917.345][SEVERE]: Timed out receiving message from renderer: 0.100
[1590587917.448][SEVERE]: Timed out receiving message from renderer: 0.100
[1590587917.550][SEVERE]: Timed out receiving message from renderer: 0.100
[1590587917.650][SEVERE]: Timed out receiving message from renderer: 0.100
[1590587917.752][SEVERE]: Timed out receiving message from renderer: 0.100
[1590587917.853][SEVERE]: Timed out receiving message from renderer: 0.100
[1590587917.955][SEVERE]: Timed out receiving message from renderer: 0.100
[1590587918.062][SEVERE]: Timed out receiving message from renderer: 0.100
[1590587918.164][SEVERE]: Timed out receiving message from renderer: 0.100
[1590587918.266][SEVERE]: Timed out receiving message from renderer: 0.100
[1590587918.367][SEVERE]: Timed out receiving message from renderer: 0.100
[1590587918.469][SEVERE]: Timed out receiving message from renderer: 0.100
[1590587918.570][SEVERE]: Timed out receiving message from renderer: 0.100
[1590587918.855][SEVERE]: Timed out receiving message from renderer: 0.100
[1590587918.956][SEVERE]: Timed out receiving message from renderer: 0.100
[1590587919.058][SEVERE]: Timed out receiving message from renderer: 0.100
[1590587919.160][SEVERE]: Timed out receiving message from renderer: 0.100
[1590587919.261][SEVERE]: Timed out receiving message from renderer: 0.100
[1590587919.363][SEVERE]: Timed out receiving message from renderer: 0.100
[1590587919.464][SEVERE]: Timed out receiving message from renderer: 0.100
[1590587919.565][SEVERE]: Timed out receiving message from renderer: 0.100
[1590587919.667][SEVERE]: Timed out receiving message from renderer: 0.100
[1590587919.768][SEVERE]: Timed out receiving message from renderer: 0.100
[1590587919.870][SEVERE]: Timed out receiving message from renderer: 0.100
[1590587919.971][SEVERE]: Timed out receiving message from renderer: 0.100
[1590587920.072][SEVERE]: Timed out receiving message from renderer: 0.100
[1590587920.174][SEVERE]: Timed out receiving message from renderer: 0.100
[1590587920.275][SEVERE]: Timed out receiving message from renderer: 0.100
[1590587920.376][SEVERE]: Timed out receiving message from renderer: 0.100
[1590587920.477][SEVERE]: Timed out receiving message from renderer: 0.100
[1590587920.578][SEVERE]: Timed out receiving message from renderer: 0.100
[1590587920.680][SEVERE]: Timed out receiving message from renderer: 0.100
[1590587920.781][SEVERE]: Timed out receiving message from renderer: 0.100
[1590587920.882][SEVERE]: Timed out receiving message from renderer: 0.100
[1590587920.983][SEVERE]: Timed out receiving message from renderer: 0.100
[1590587921.084][SEVERE]: Timed out receiving message from renderer: 0.100
[1590587921.185][SEVERE]: Timed out receiving message from renderer: 0.100
[1590587921.287][SEVERE]: Timed out receiving message from renderer: 0.100
[1590587921.388][SEVERE]: Timed out receiving message from renderer: 0.100
[1590587921.490][SEVERE]: Timed out receiving message from renderer: 0.100
[1590587921.592][SEVERE]: Timed out receiving message from renderer: 0.100
[1590587921.693][SEVERE]: Timed out receiving message from renderer: 0.100
[1590587921.795][SEVERE]: Timed out receiving message from renderer: 0.100
[1590587921.896][SEVERE]: Timed out receiving message from renderer: 0.100
[1590587921.998][SEVERE]: Timed out receiving message from renderer: 0.100
[1590587922.100][SEVERE]: Timed out receiving message from renderer: 0.100
[1590587922.201][SEVERE]: Timed out receiving message from renderer: 0.100
[1590587922.302][SEVERE]: Timed out receiving message from renderer: 0.100
[1590587922.404][SEVERE]: Timed out receiving message from renderer: 0.100
[1590587922.521][SEVERE]: Timed out receiving message from renderer: 0.100
[1590587922.630][SEVERE]: Timed out receiving message from renderer: 0.100
[1590587922.731][SEVERE]: Timed out receiving message from renderer: 0.100
[1590587922.832][SEVERE]: Timed out receiving message from renderer: 0.100
[1590587922.933][SEVERE]: Timed out receiving message from renderer: 0.100
[1590587923.035][SEVERE]: Timed out receiving message from renderer: 0.100
[1590587923.137][SEVERE]: Timed out receiving message from renderer: 0.100
[1590587923.238][SEVERE]: Timed out receiving message from renderer: 0.100
[1590587923.340][SEVERE]: Timed out receiving message from renderer: 0.100
[1590587923.441][SEVERE]: Timed out receiving message from renderer: 0.100
[1590587923.543][SEVERE]: Timed out receiving message from renderer: 0.100
[1590587923.644][SEVERE]: Timed out receiving message from renderer: 0.100
[1590587923.746][SEVERE]: Timed out receiving message from renderer: 0.100
[1590587923.847][SEVERE]: Timed out receiving message from renderer: 0.100
[1590587923.949][SEVERE]: Timed out receiving message from renderer: 0.100
[1590587924.051][SEVERE]: Timed out receiving message from renderer: 0.100
[1590587927.938][SEVERE]: Timed out receiving message from renderer: 0.100
[1590587928.039][SEVERE]: Timed out receiving message from renderer: 0.100
[1590587928.142][SEVERE]: Timed out receiving message from renderer: 0.100
[1590587928.244][SEVERE]: Timed out receiving message from renderer: 0.100
[1590587928.346][SEVERE]: Timed out receiving message from renderer: 0.100
[1590587928.447][SEVERE]: Timed out receiving message from renderer: 0.100
[1590587928.549][SEVERE]: Timed out receiving message from renderer: 0.100
[1590587928.651][SEVERE]: Timed out receiving message from renderer: 0.100
[1590587928.805][SEVERE]: Timed out receiving message from renderer: 0.100
[1590587928.907][SEVERE]: Timed out receiving message from renderer: 0.100
[1590587929.009][SEVERE]: Timed out receiving message from renderer: 0.100
[1590587929.129][SEVERE]: Timed out receiving message from renderer: 0.100
[1590587929.231][SEVERE]: Timed out receiving message from renderer: 0.100
[1590587929.332][SEVERE]: Timed out receiving message from renderer: 0.100
[1590587929.434][SEVERE]: Timed out receiving message from renderer: 0.100
[1590587929.537][SEVERE]: Timed out receiving message from renderer: 0.100
[1590587929.638][SEVERE]: Timed out receiving message from renderer: 0.100
[1590587929.740][SEVERE]: Timed out receiving message from renderer: 0.100
[1590587929.957][SEVERE]: Timed out receiving message from renderer: 0.100
[1590587930.058][SEVERE]: Timed out receiving message from renderer: 0.100
[1590587930.160][SEVERE]: Timed out receiving message from renderer: 0.100
[1590587930.262][SEVERE]: Timed out receiving message from renderer: 0.100
[1590587930.364][SEVERE]: Timed out receiving message from renderer: 0.100
[1590587930.465][SEVERE]: Timed out receiving message from renderer: 0.100
[1590587930.578][SEVERE]: Timed out receiving message from renderer: 0.100
[1590587930.679][SEVERE]: Timed out receiving message from renderer: 0.100
[1590587930.781][SEVERE]: Timed out receiving message from renderer: 0.100
[1590587930.882][SEVERE]: Timed out receiving message from renderer: 0.100
[1590587930.984][SEVERE]: Timed out receiving message from renderer: 0.100
[1590587931.087][SEVERE]: Timed out receiving message from renderer: 0.100
[1590587931.188][SEVERE]: Timed out receiving message from renderer: 0.100
[1590587931.453][SEVERE]: Timed out receiving message from renderer: 0.100
[1590587931.555][SEVERE]: Timed out receiving message from renderer: 0.100
[1590587931.657][SEVERE]: Timed out receiving message from renderer: 0.100
[1590587931.759][SEVERE]: Timed out receiving message from renderer: 0.100
[1590587931.860][SEVERE]: Timed out receiving message from renderer: 0.100
[1590587933.164][SEVERE]: Timed out receiving message from renderer: 0.100
[1590587933.268][SEVERE]: Timed out receiving message from renderer: 0.100
[1590587933.369][SEVERE]: Timed out receiving message from renderer: 0.100
[1590587933.470][SEVERE]: Timed out receiving message from renderer: 0.100
[1590587933.571][SEVERE]: Timed out receiving message from renderer: 0.100
[1590587933.701][SEVERE]: Timed out receiving message from renderer: 0.100
[1590587933.803][SEVERE]: Timed out receiving message from renderer: 0.100
[1590587933.906][SEVERE]: Timed out receiving message from renderer: 0.100
[1590587934.007][SEVERE]: Timed out receiving message from renderer: 0.100
[1590587934.109][SEVERE]: Timed out receiving message from renderer: 0.100
[1590587934.211][SEVERE]: Timed out receiving message from renderer: 0.100
[1590587934.313][SEVERE]: Timed out receiving message from renderer: 0.100
[1590587934.415][SEVERE]: Timed out receiving message from renderer: 0.100
[1590587934.517][SEVERE]: Timed out receiving message from renderer: 0.100
[1590587934.619][SEVERE]: Timed out receiving message from renderer: 0.100
[1590587934.720][SEVERE]: Timed out receiving message from renderer: 0.100
[1590587934.823][SEVERE]: Timed out receiving message from renderer: 0.100
[1590587934.926][SEVERE]: Timed out receiving message from renderer: 0.100
[1590587935.028][SEVERE]: Timed out receiving message from renderer: 0.100
[1590587935.129][SEVERE]: Timed out receiving message from renderer: 0.100
[1590587936.203][SEVERE]: Timed out receiving message from renderer: 0.100
[1590587936.304][SEVERE]: Timed out receiving message from renderer: 0.100
[1590587936.469][SEVERE]: Timed out receiving message from renderer: 0.100
[1590587936.570][SEVERE]: Timed out receiving message from renderer: 0.100
[1590587936.671][SEVERE]: Timed out receiving message from renderer: 0.100
[1590587936.772][SEVERE]: Timed out receiving message from renderer: 0.100
[1590587936.873][SEVERE]: Timed out receiving message from renderer: 0.100
[1590587936.976][SEVERE]: Timed out receiving message from renderer: 0.100
[1590587937.077][SEVERE]: Timed out receiving message from renderer: 0.100
[1590587937.179][SEVERE]: Timed out receiving message from renderer: 0.100
[1590587937.361][SEVERE]: Timed out receiving message from renderer: 0.100
[1590587937.463][SEVERE]: Timed out receiving message from renderer: 0.100
[1590587937.565][SEVERE]: Timed out receiving message from renderer: 0.100
[1590587937.667][SEVERE]: Timed out receiving message from renderer: 0.100
[1590587937.769][SEVERE]: Timed out receiving message from renderer: 0.100
]]></system-err>
</testsuite>
