<?xml version="1.0" encoding="UTF-8"?>
<testsuite name="test.TestFirefox" tests="1" skipped="0" failures="0" errors="0" timestamp="2020-05-13T15:23:50" hostname="LAPTOP-5SMQJSUC" time="8.854">
  <properties/>
  <testcase name="testFirefox()" classname="test.TestFirefox" time="8.854"/>
  <system-out><![CDATA[]]></system-out>
  <system-err><![CDATA[1589383431794	mozrunner::runner	INFO	Running command: "C:\\Program Files\\Mozilla Firefox\\firefox.exe" "-marionette" "-foreground" "-no-remote" "-profile" "C:\\Users\\ASUS\\AppData\\Local\\Temp\\rust_mozprofilezs4tAv"
1589383432316	addons.webextension.doh-rollout@mozilla.org	WARN	Loading extension 'doh-rollout@mozilla.org': Reading manifest: Invalid extension permission: networkStatus
1589383432717	addons.webextension.screenshots@mozilla.org	WARN	Loading extension 'screenshots@mozilla.org': Reading manifest: Invalid extension permission: mozillaAddons
1589383432717	addons.webextension.screenshots@mozilla.org	WARN	Loading extension 'screenshots@mozilla.org': Reading manifest: Invalid extension permission: telemetry
1589383432718	addons.webextension.screenshots@mozilla.org	WARN	Loading extension 'screenshots@mozilla.org': Reading manifest: Invalid extension permission: resource://pdf.js/
1589383432718	addons.webextension.screenshots@mozilla.org	WARN	Loading extension 'screenshots@mozilla.org': Reading manifest: Invalid extension permission: about:reader*
JavaScript error: resource://gre/modules/XULStore.jsm, line 66: Error: Can't find profile directory.
1589383436021	Marionette	INFO	Listening on port 65032
1589383436041	Marionette	WARN	TLS certificate errors will be ignored for this session
May 13, 2020 10:23:56 PM org.openqa.selenium.remote.ProtocolHandshake createSession
INFO: Detected dialect: W3C
1589383437670	Marionette	INFO	Stopped listening on port 65032

###!!! [Child][RunMessage] Error: Channel closing: too late to send/recv, messages will be lost


###!!! [Child][RunMessage] Error: Channel closing: too late to send/recv, messages will be lost


###!!! [Child][MessageChannel::SendAndWait] Error: Channel error: cannot send/recv

]]></system-err>
</testsuite>
