<?xml version="1.0" encoding="UTF-8"?>
<testsuite name="test.MicrosoftEdgeHtmlTest" tests="1" skipped="0" failures="0" errors="0" timestamp="2020-05-19T12:41:09" hostname="LAPTOP-5SMQJSUC" time="2.027">
  <properties/>
  <testcase name="openEdgeBrowser()" classname="test.MicrosoftEdgeHtmlTest" time="2.027"/>
  <system-out><![CDATA[]]></system-out>
  <system-err><![CDATA[[19:41:09.377] - Listening on http://127.0.0.1:6304/ 
[19:41:09.377] - Listening on http://[::1]:6304/ 
May 19, 2020 7:41:10 PM org.openqa.selenium.remote.ProtocolHandshake createSession
INFO: Detected dialect: W3C
]]></system-err>
</testsuite>
